F:/Code Java/ava/data-test/ducanh/cloneProject/basicTest.c:4: error: Can't open include file "iostream"
    #include <iostream>
F:/Code Java/ava/data-test/tsdv/Sample_for_R1_4_copy/Age.cpp:1: error: Can't open include file "iostream"
    #include <iostream>
F:/Code Java/ava/data-test/tsdv/Sample_for_R1_4_copy/Age.cpp:1: error: Can't open include file "iostream"
    #include <iostream>
F:/Code Java/ava/data-test/tsdv/Sample_for_R1_4_copy/Age.cpp:1: error: Can't open include file "iostream"
    #include <iostream>
F:/Code Java/ava/data-test/tsdv/Sample_for_R1_4_copy/Age.cpp:1: error: Can't open include file "iostream"
    #include <iostream>
F:/Code Java/ava/data-test/tsdv/Sample_for_R1_2_copy/GenTest.cpp:2: error: Can't open include file "exception"
    #include <exception>
F:/Code Java/ava/data-test/tsdv/Sample_for_R1_2_copy/GenTest.cpp:3: error: Can't open include file "cstddef"
    #include <cstddef>
F:/Code Java/ava/data-test/ducanh/SymbolicExecutionTest_copy111111/basicTest.c:4: error: Can't open include file "iostream"
    #include <iostream>
F:/Code Java/ava/data-test/tsdv/Sample_for_R1_2_copy1/GenTest.cpp:2: error: Can't open include file "exception"
    #include <exception>
F:/Code Java/ava/data-test/tsdv/Sample_for_R1_2_copy1/GenTest.cpp:3: error: Can't open include file "cstddef"
    #include <cstddef>
F:/Code Java/ava/data-test/ducanh/SymbolicExecutionTest_copy1111111/basicTest.c:4: error: Can't open include file "iostream"
    #include <iostream>
F:/Code Java/ava/data-test/tsdv/Sample_for_R1_2_copy/GenTest.cpp:2: error: Can't open include file "exception"
    #include <exception>
F:/Code Java/ava/data-test/tsdv/Sample_for_R1_2_copy/GenTest.cpp:3: error: Can't open include file "cstddef"
    #include <cstddef>
F:/Code Java/ava/data-test/ducanh/SymbolicExecutionTest_copy1/basicTest.c:4: error: Can't open include file "iostream"
    #include <iostream>
F:/Code Java/ava/data-test/ducanh/SymbolicExecutionTest_copy11/pointerTest.cpp:4: error: Can't open include file "iostream"
    #include <iostream>
F:/Code Java/ava/data-test/tsdv/cloneProject/GenTest.cpp:2: error: Can't open include file "exception"
    #include <exception>
F:/Code Java/ava/data-test/tsdv/cloneProject/GenTest.cpp:3: error: Can't open include file "cstddef"
    #include <cstddef>
F:/Code Java/ava/data-test/tsdv/cloneProject/GenTest.cpp:2: error: Can't open include file "exception"
    #include <exception>
F:/Code Java/ava/data-test/tsdv/cloneProject/GenTest.cpp:3: error: Can't open include file "cstddef"
    #include <cstddef>
F:/Code Java/ava/data-test/tsdv/cloneProject/GenTest.cpp:2: error: Can't open include file "exception"
    #include <exception>
F:/Code Java/ava/data-test/tsdv/cloneProject/GenTest.cpp:3: error: Can't open include file "cstddef"
    #include <cstddef>
F:/Code Java/ava/data-test/tsdv/cloneProject/GenTest.cpp:2: error: Can't open include file "exception"
    #include <exception>
F:/Code Java/ava/data-test/tsdv/cloneProject/GenTest.cpp:3: error: Can't open include file "cstddef"
    #include <cstddef>
F:/Code Java/ava/data-test/tsdv/cloneProject/GenTest.cpp:2: error: Can't open include file "exception"
    #include <exception>
F:/Code Java/ava/data-test/tsdv/cloneProject/GenTest.cpp:3: error: Can't open include file "cstddef"
    #include <cstddef>
F:/Code Java/ava/data-test/tsdv/cloneProject/GenTest.cpp:2: error: Can't open include file "exception"
    #include <exception>
F:/Code Java/ava/data-test/tsdv/cloneProject/GenTest.cpp:3: error: Can't open include file "cstddef"
    #include <cstddef>
F:/Code Java/ava/data-test/tsdv/cloneProject/GenTest.cpp:2: error: Can't open include file "exception"
    #include <exception>
F:/Code Java/ava/data-test/tsdv/cloneProject/GenTest.cpp:3: error: Can't open include file "cstddef"
    #include <cstddef>
F:/Code Java/ava/data-test/tsdv/cloneProject/GenTest.cpp:2: error: Can't open include file "exception"
    #include <exception>
F:/Code Java/ava/data-test/tsdv/cloneProject/GenTest.cpp:3: error: Can't open include file "cstddef"
    #include <cstddef>
F:/Code Java/ava/data-test/tsdv/cloneProject/GenTest.cpp:2: error: Can't open include file "exception"
    #include <exception>
F:/Code Java/ava/data-test/tsdv/cloneProject/GenTest.cpp:3: error: Can't open include file "cstddef"
    #include <cstddef>
F:/Code Java/ava/data-test/tsdv/cloneProject/GenTest.cpp:2: error: Can't open include file "exception"
    #include <exception>
F:/Code Java/ava/data-test/tsdv/cloneProject/GenTest.cpp:3: error: Can't open include file "cstddef"
    #include <cstddef>
F:/Code Java/ava/data-test/tsdv/cloneProject/GenTest.cpp:2: error: Can't open include file "exception"
    #include <exception>
F:/Code Java/ava/data-test/tsdv/cloneProject/GenTest.cpp:3: error: Can't open include file "cstddef"
    #include <cstddef>
F:/Code Java/ava/data-test/tsdv/cloneProject/GenTest.cpp:2: error: Can't open include file "exception"
    #include <exception>
F:/Code Java/ava/data-test/tsdv/cloneProject/GenTest.cpp:3: error: Can't open include file "cstddef"
    #include <cstddef>
F:/Code Java/ava/data-test/tsdv/cloneProject/GenTest.cpp:2: error: Can't open include file "exception"
    #include <exception>
F:/Code Java/ava/data-test/tsdv/cloneProject/GenTest.cpp:3: error: Can't open include file "cstddef"
    #include <cstddef>
F:/Code Java/ava/data-test/tsdv/cloneProject/GenTest.cpp:2: error: Can't open include file "exception"
    #include <exception>
F:/Code Java/ava/data-test/tsdv/cloneProject/GenTest.cpp:3: error: Can't open include file "cstddef"
    #include <cstddef>
F:/Code Java/ava/data-test/tsdv/cloneProject/GenTest.cpp:2: error: Can't open include file "exception"
    #include <exception>
F:/Code Java/ava/data-test/tsdv/cloneProject/GenTest.cpp:3: error: Can't open include file "cstddef"
    #include <cstddef>
F:/Code Java/ava/data-test/tsdv/cloneProject/GenTest.cpp:2: error: Can't open include file "exception"
    #include <exception>
F:/Code Java/ava/data-test/tsdv/cloneProject/GenTest.cpp:3: error: Can't open include file "cstddef"
    #include <cstddef>
F:/Code Java/ava/data-test/tsdv/cloneProject/GenTest.cpp:2: error: Can't open include file "exception"
    #include <exception>
F:/Code Java/ava/data-test/tsdv/cloneProject/GenTest.cpp:3: error: Can't open include file "cstddef"
    #include <cstddef>
F:/Code Java/ava/data-test/tsdv/cloneProject1/GenTest.cpp:2: error: Can't open include file "exception"
    #include <exception>
F:/Code Java/ava/data-test/tsdv/cloneProject1/GenTest.cpp:3: error: Can't open include file "cstddef"
    #include <cstddef>
F:/Code Java/ava/data-test/tsdv/cloneProject1/GenTest.cpp:2: error: Can't open include file "exception"
    #include <exception>
F:/Code Java/ava/data-test/tsdv/cloneProject1/GenTest.cpp:3: error: Can't open include file "cstddef"
    #include <cstddef>
F:/Code Java/ava/data-test/tsdv/cloneProject1/GenTest.cpp:2: error: Can't open include file "exception"
    #include <exception>
F:/Code Java/ava/data-test/tsdv/cloneProject1/GenTest.cpp:3: error: Can't open include file "cstddef"
    #include <cstddef>
F:/Code Java/ava/data-test/tsdv/cloneProject1/GenTest.cpp:2: error: Can't open include file "exception"
    #include <exception>
F:/Code Java/ava/data-test/tsdv/cloneProject1/GenTest.cpp:3: error: Can't open include file "cstddef"
    #include <cstddef>
F:/Code Java/ava/data-test/tsdv/cloneProject1111/GenTest.cpp:2: error: Can't open include file "exception"
    #include <exception>
F:/Code Java/ava/data-test/tsdv/cloneProject1111/GenTest.cpp:3: error: Can't open include file "cstddef"
    #include <cstddef>
F:/Code Java/ava/data-test/tsdv/cloneProject1111/GenTest.cpp:2: error: Can't open include file "exception"
    #include <exception>
F:/Code Java/ava/data-test/tsdv/cloneProject1111/GenTest.cpp:3: error: Can't open include file "cstddef"
    #include <cstddef>
F:/Code Java/ava/data-test/tsdv/cloneProject1111/GenTest.cpp:2: error: Can't open include file "exception"
    #include <exception>
F:/Code Java/ava/data-test/tsdv/cloneProject1111/GenTest.cpp:3: error: Can't open include file "cstddef"
    #include <cstddef>
F:/Code Java/ava/data-test/tsdv/cloneProject1111/GenTest.cpp:2: error: Can't open include file "exception"
    #include <exception>
F:/Code Java/ava/data-test/tsdv/cloneProject1111/GenTest.cpp:3: error: Can't open include file "cstddef"
    #include <cstddef>
E:/ava/data-test/tsdv/Sample_for_R1_4_copy1/Age.cpp:1: error: Can't open include file "iostream"
    #include <iostream>
E:/ava/data-test/tsdv/Sample_for_R1_4_copy1/Age.cpp:1: error: Can't open include file "iostream"
    #include <iostream>
E:/ava/data-test/tsdv/Sample_for_R1_4_copy11/Age.cpp:1: error: Can't open include file "iostream"
    #include <iostream>
E:/ava/data-test/tsdv/Sample_for_R1_4_copy11/Age.cpp:1: error: Can't open include file "iostream"
    #include <iostream>
E:/ava/data-test/tsdv/Sample_for_R1_4_copy111/Age.cpp:1: error: Can't open include file "iostream"
    #include <iostream>
E:/ava/data-test/tsdv/Sample_for_R1_4_copy111/Age.cpp:1: error: Can't open include file "iostream"
    #include <iostream>
E:/ava/data-test/tsdv/Sample_for_R1_4_copy1111/Age.cpp:1: error: Can't open include file "iostream"
    #include <iostream>
E:/ava/data-test/tsdv/Sample_for_R1_4_copy1111/Age.cpp:1: error: Can't open include file "iostream"
    #include <iostream>
